  Application.cpp
C:\YHY\Project\BookRentalSystem\Rental.h(12,25): error C2061: 구문 오류: 식별자 'Customer'
  Book.cpp
  (소스 파일 'Application.cpp'을(를) 컴파일하는 중)
  
C:\YHY\Project\BookRentalSystem\Rental.h(20,10): error C2143: 구문 오류: ';'이(가) '*' 앞에 없습니다.
  (소스 파일 'Application.cpp'을(를) 컴파일하는 중)
  
C:\YHY\Project\BookRentalSystem\Rental.h(20,2): error C4430: 형식 지정자가 없습니다. int로 가정합니다. 참고: C++에서는 기본 int를 지원하지 않습니다.
  (소스 파일 'Application.cpp'을(를) 컴파일하는 중)
  
C:\YHY\Project\BookRentalSystem\Rental.h(20,30): error C2238: ';' 앞에 예기치 않은 토큰이 있습니다.
  (소스 파일 'Application.cpp'을(를) 컴파일하는 중)
  
C:\YHY\Project\BookRentalSystem\Rental.h(27,10): error C2143: 구문 오류: ';'이(가) '*' 앞에 없습니다.
  (소스 파일 'Application.cpp'을(를) 컴파일하는 중)
  
C:\YHY\Project\BookRentalSystem\Rental.h(27,2): error C4430: 형식 지정자가 없습니다. int로 가정합니다. 참고: C++에서는 기본 int를 지원하지 않습니다.
  (소스 파일 'Application.cpp'을(를) 컴파일하는 중)
  
C:\YHY\Project\BookRentalSystem\Rental.h(27,20): error C2238: ';' 앞에 예기치 않은 토큰이 있습니다.
  (소스 파일 'Application.cpp'을(를) 컴파일하는 중)
  
  Command.cpp
C:\YHY\Project\BookRentalSystem\RentalHistory.h(10,17): error C2061: 구문 오류: 식별자 'Rental'
  (소스 파일 'Command.cpp'을(를) 컴파일하는 중)
  
C:\YHY\Project\BookRentalSystem\RentalHistory.h(12,31): error C2065: 'Rental': 선언되지 않은 식별자입니다.
  (소스 파일 'Command.cpp'을(를) 컴파일하는 중)
  
C:\YHY\Project\BookRentalSystem\RentalHistory.h(12,38): error C2059: 구문 오류: ','
  (소스 파일 'Command.cpp'을(를) 컴파일하는 중)
  
C:\YHY\Project\BookRentalSystem\RentalHistory.h(12,40): error C2065: 'Rental': 선언되지 않은 식별자입니다.
  (소스 파일 'Command.cpp'을(를) 컴파일하는 중)
  
C:\YHY\Project\BookRentalSystem\RentalHistory.h(12,47): error C2059: 구문 오류: ')'
  (소스 파일 'Command.cpp'을(를) 컴파일하는 중)
  
C:\YHY\Project\BookRentalSystem\RentalHistory.h(16,8): error C2143: 구문 오류: ';'이(가) '*' 앞에 없습니다.
  (소스 파일 'Command.cpp'을(를) 컴파일하는 중)
  
C:\YHY\Project\BookRentalSystem\RentalHistory.h(16,2): error C4430: 형식 지정자가 없습니다. int로 가정합니다. 참고: C++에서는 기본 int를 지원하지 않습니다.
  (소스 파일 'Command.cpp'을(를) 컴파일하는 중)
  
C:\YHY\Project\BookRentalSystem\RentalHistory.h(16,18): error C2238: ';' 앞에 예기치 않은 토큰이 있습니다.
  (소스 파일 'Command.cpp'을(를) 컴파일하는 중)
  
  Customer.cpp
  LateFeePolicy.cpp
C:\YHY\Project\BookRentalSystem\Rental.h(12,25): error C2061: 구문 오류: 식별자 'Customer'
  (소스 파일 'Customer.cpp'을(를) 컴파일하는 중)
  
C:\YHY\Project\BookRentalSystem\Rental.h(20,10): error C2143: 구문 오류: ';'이(가) '*' 앞에 없습니다.
  (소스 파일 'Customer.cpp'을(를) 컴파일하는 중)
  
C:\YHY\Project\BookRentalSystem\Rental.h(20,2): error C4430: 형식 지정자가 없습니다. int로 가정합니다. 참고: C++에서는 기본 int를 지원하지 않습니다.
  (소스 파일 'Customer.cpp'을(를) 컴파일하는 중)
  
C:\YHY\Project\BookRentalSystem\Rental.h(20,30): error C2238: ';' 앞에 예기치 않은 토큰이 있습니다.
  (소스 파일 'Customer.cpp'을(를) 컴파일하는 중)
  
C:\YHY\Project\BookRentalSystem\Rental.h(27,10): error C2143: 구문 오류: ';'이(가) '*' 앞에 없습니다.
  (소스 파일 'Customer.cpp'을(를) 컴파일하는 중)
  
C:\YHY\Project\BookRentalSystem\Rental.h(27,2): error C4430: 형식 지정자가 없습니다. int로 가정합니다. 참고: C++에서는 기본 int를 지원하지 않습니다.
  (소스 파일 'Customer.cpp'을(를) 컴파일하는 중)
  
C:\YHY\Project\BookRentalSystem\Rental.h(27,20): error C2238: ';' 앞에 예기치 않은 토큰이 있습니다.
  (소스 파일 'Customer.cpp'을(를) 컴파일하는 중)
  
C:\YHY\Project\BookRentalSystem\Customer.cpp(3,11): error C2084: 'Customer::Customer(void)' 함수에 이미 본문이 있습니다.
      C:\YHY\Project\BookRentalSystem\Customer.h(8,2):
      'Customer::Customer'의 이전 정의를 참조하십시오.
  
C:\YHY\Project\BookRentalSystem\RentalHistory.h(10,17): error C2061: 구문 오류: 식별자 'Rental'
  (소스 파일 'LateFeePolicy.cpp'을(를) 컴파일하는 중)
  
C:\YHY\Project\BookRentalSystem\RentalHistory.h(12,31): error C2065: 'Rental': 선언되지 않은 식별자입니다.
  (소스 파일 'LateFeePolicy.cpp'을(를) 컴파일하는 중)
  
C:\YHY\Project\BookRentalSystem\RentalHistory.h(12,38): error C2059: 구문 오류: ','
  (소스 파일 'LateFeePolicy.cpp'을(를) 컴파일하는 중)
  
C:\YHY\Project\BookRentalSystem\RentalHistory.h(12,40): error C2065: 'Rental': 선언되지 않은 식별자입니다.
  (소스 파일 'LateFeePolicy.cpp'을(를) 컴파일하는 중)
  
C:\YHY\Project\BookRentalSystem\RentalHistory.h(12,47): error C2059: 구문 오류: ')'
  (소스 파일 'LateFeePolicy.cpp'을(를) 컴파일하는 중)
  
C:\YHY\Project\BookRentalSystem\RentalHistory.h(16,8): error C2143: 구문 오류: ';'이(가) '*' 앞에 없습니다.
  (소스 파일 'LateFeePolicy.cpp'을(를) 컴파일하는 중)
  
C:\YHY\Project\BookRentalSystem\RentalHistory.h(16,2): error C4430: 형식 지정자가 없습니다. int로 가정합니다. 참고: C++에서는 기본 int를 지원하지 않습니다.
  (소스 파일 'LateFeePolicy.cpp'을(를) 컴파일하는 중)
  
C:\YHY\Project\BookRentalSystem\RentalHistory.h(16,18): error C2238: ';' 앞에 예기치 않은 토큰이 있습니다.
  (소스 파일 'LateFeePolicy.cpp'을(를) 컴파일하는 중)
  
  RentCommand.cpp
C:\YHY\Project\BookRentalSystem\RentalHistory.h(10,17): error C2061: 구문 오류: 식별자 'Rental'
  (소스 파일 'RentCommand.cpp'을(를) 컴파일하는 중)
  
C:\YHY\Project\BookRentalSystem\RentalHistory.h(12,31): error C2065: 'Rental': 선언되지 않은 식별자입니다.
  (소스 파일 'RentCommand.cpp'을(를) 컴파일하는 중)
  
C:\YHY\Project\BookRentalSystem\RentalHistory.h(12,38): error C2059: 구문 오류: ','
  (소스 파일 'RentCommand.cpp'을(를) 컴파일하는 중)
  
C:\YHY\Project\BookRentalSystem\RentalHistory.h(12,40): error C2065: 'Rental': 선언되지 않은 식별자입니다.
  (소스 파일 'RentCommand.cpp'을(를) 컴파일하는 중)
  
C:\YHY\Project\BookRentalSystem\RentalHistory.h(12,47): error C2059: 구문 오류: ')'
  (소스 파일 'RentCommand.cpp'을(를) 컴파일하는 중)
  
C:\YHY\Project\BookRentalSystem\RentalHistory.h(16,8): error C2143: 구문 오류: ';'이(가) '*' 앞에 없습니다.
  (소스 파일 'RentCommand.cpp'을(를) 컴파일하는 중)
  
C:\YHY\Project\BookRentalSystem\RentalHistory.h(16,2): error C4430: 형식 지정자가 없습니다. int로 가정합니다. 참고: C++에서는 기본 int를 지원하지 않습니다.
  (소스 파일 'RentCommand.cpp'을(를) 컴파일하는 중)
  
C:\YHY\Project\BookRentalSystem\RentalHistory.h(16,18): error C2238: ';' 앞에 예기치 않은 토큰이 있습니다.
  (소스 파일 'RentCommand.cpp'을(를) 컴파일하는 중)
  
  Rental.cpp
C:\YHY\Project\BookRentalSystem\RentalHistory.h(10,17): error C2061: 구문 오류: 식별자 'Rental'
  (소스 파일 'Rental.cpp'을(를) 컴파일하는 중)
  
C:\YHY\Project\BookRentalSystem\RentalHistory.h(12,31): error C2065: 'Rental': 선언되지 않은 식별자입니다.
  (소스 파일 'Rental.cpp'을(를) 컴파일하는 중)
  
C:\YHY\Project\BookRentalSystem\RentalHistory.h(12,38): error C2059: 구문 오류: ','
  (소스 파일 'Rental.cpp'을(를) 컴파일하는 중)
  
C:\YHY\Project\BookRentalSystem\RentalHistory.h(12,40): error C2065: 'Rental': 선언되지 않은 식별자입니다.
  (소스 파일 'Rental.cpp'을(를) 컴파일하는 중)
  
C:\YHY\Project\BookRentalSystem\RentalHistory.h(12,47): error C2059: 구문 오류: ')'
  (소스 파일 'Rental.cpp'을(를) 컴파일하는 중)
  
C:\YHY\Project\BookRentalSystem\RentalHistory.h(16,8): error C2143: 구문 오류: ';'이(가) '*' 앞에 없습니다.
  (소스 파일 'Rental.cpp'을(를) 컴파일하는 중)
  
C:\YHY\Project\BookRentalSystem\RentalHistory.h(16,2): error C4430: 형식 지정자가 없습니다. int로 가정합니다. 참고: C++에서는 기본 int를 지원하지 않습니다.
  (소스 파일 'Rental.cpp'을(를) 컴파일하는 중)
  
C:\YHY\Project\BookRentalSystem\RentalHistory.h(16,18): error C2238: ';' 앞에 예기치 않은 토큰이 있습니다.
  (소스 파일 'Rental.cpp'을(를) 컴파일하는 중)
  
  RentalHistory.cpp
C:\YHY\Project\BookRentalSystem\Customer.h(9,76): error C2061: 구문 오류: 식별자 'RentalHistory'
  (소스 파일 'RentalHistory.cpp'을(를) 컴파일하는 중)
  
C:\YHY\Project\BookRentalSystem\Customer.h(13,15): error C2143: 구문 오류: ';'이(가) '&' 앞에 없습니다.
  (소스 파일 'RentalHistory.cpp'을(를) 컴파일하는 중)
  
C:\YHY\Project\BookRentalSystem\Customer.h(13,2): error C4430: 형식 지정자가 없습니다. int로 가정합니다. 참고: C++에서는 기본 int를 지원하지 않습니다.
  (소스 파일 'RentalHistory.cpp'을(를) 컴파일하는 중)
  
C:\YHY\Project\BookRentalSystem\Customer.h(13,29): error C2238: ';' 앞에 예기치 않은 토큰이 있습니다.
  (소스 파일 'RentalHistory.cpp'을(를) 컴파일하는 중)
  
C:\YHY\Project\BookRentalSystem\Customer.h(17,16): error C3646: 'history': 알 수 없는 재정의 지정자입니다.
  (소스 파일 'RentalHistory.cpp'을(를) 컴파일하는 중)
  
C:\YHY\Project\BookRentalSystem\Customer.h(17,2): error C4430: 형식 지정자가 없습니다. int로 가정합니다. 참고: C++에서는 기본 int를 지원하지 않습니다.
  (소스 파일 'RentalHistory.cpp'을(를) 컴파일하는 중)
  
C:\YHY\Project\BookRentalSystem\RentalHistory.cpp(26,1): error C1004: 예기치 않은 파일의 끝이 나타났습니다.
  RentalManager.cpp
C:\YHY\Project\BookRentalSystem\RentalHistory.h(10,17): error C2061: 구문 오류: 식별자 'Rental'
  (소스 파일 'RentalManager.cpp'을(를) 컴파일하는 중)
  
C:\YHY\Project\BookRentalSystem\RentalHistory.h(12,31): error C2065: 'Rental': 선언되지 않은 식별자입니다.
  (소스 파일 'RentalManager.cpp'을(를) 컴파일하는 중)
  
C:\YHY\Project\BookRentalSystem\RentalHistory.h(12,38): error C2059: 구문 오류: ','
  (소스 파일 'RentalManager.cpp'을(를) 컴파일하는 중)
  
C:\YHY\Project\BookRentalSystem\RentalHistory.h(12,40): error C2065: 'Rental': 선언되지 않은 식별자입니다.
  (소스 파일 'RentalManager.cpp'을(를) 컴파일하는 중)
  
C:\YHY\Project\BookRentalSystem\RentalHistory.h(12,47): error C2059: 구문 오류: ')'
  (소스 파일 'RentalManager.cpp'을(를) 컴파일하는 중)
  
C:\YHY\Project\BookRentalSystem\RentalHistory.h(16,8): error C2143: 구문 오류: ';'이(가) '*' 앞에 없습니다.
  (소스 파일 'RentalManager.cpp'을(를) 컴파일하는 중)
  
C:\YHY\Project\BookRentalSystem\RentalHistory.h(16,2): error C4430: 형식 지정자가 없습니다. int로 가정합니다. 참고: C++에서는 기본 int를 지원하지 않습니다.
  (소스 파일 'RentalManager.cpp'을(를) 컴파일하는 중)
  
C:\YHY\Project\BookRentalSystem\RentalHistory.h(16,18): error C2238: ';' 앞에 예기치 않은 토큰이 있습니다.
  (소스 파일 'RentalManager.cpp'을(를) 컴파일하는 중)
  
  ReturnCommand.cpp
C:\YHY\Project\BookRentalSystem\RentalHistory.h(10,17): error C2061: 구문 오류: 식별자 'Rental'
  (소스 파일 'ReturnCommand.cpp'을(를) 컴파일하는 중)
  
C:\YHY\Project\BookRentalSystem\RentalHistory.h(12,31): error C2065: 'Rental': 선언되지 않은 식별자입니다.
  (소스 파일 'ReturnCommand.cpp'을(를) 컴파일하는 중)
  
C:\YHY\Project\BookRentalSystem\RentalHistory.h(12,38): error C2059: 구문 오류: ','
  (소스 파일 'ReturnCommand.cpp'을(를) 컴파일하는 중)
  
C:\YHY\Project\BookRentalSystem\RentalHistory.h(12,40): error C2065: 'Rental': 선언되지 않은 식별자입니다.
  (소스 파일 'ReturnCommand.cpp'을(를) 컴파일하는 중)
  
C:\YHY\Project\BookRentalSystem\RentalHistory.h(12,47): error C2059: 구문 오류: ')'
  (소스 파일 'ReturnCommand.cpp'을(를) 컴파일하는 중)
  
C:\YHY\Project\BookRentalSystem\RentalHistory.h(16,8): error C2143: 구문 오류: ';'이(가) '*' 앞에 없습니다.
  (소스 파일 'ReturnCommand.cpp'을(를) 컴파일하는 중)
  
C:\YHY\Project\BookRentalSystem\RentalHistory.h(16,2): error C4430: 형식 지정자가 없습니다. int로 가정합니다. 참고: C++에서는 기본 int를 지원하지 않습니다.
  (소스 파일 'ReturnCommand.cpp'을(를) 컴파일하는 중)
  
C:\YHY\Project\BookRentalSystem\RentalHistory.h(16,18): error C2238: ';' 앞에 예기치 않은 토큰이 있습니다.
  (소스 파일 'ReturnCommand.cpp'을(를) 컴파일하는 중)
  
  SearchCommand.cpp
C:\YHY\Project\BookRentalSystem\RentalHistory.h(10,17): error C2061: 구문 오류: 식별자 'Rental'
  (소스 파일 'SearchCommand.cpp'을(를) 컴파일하는 중)
  
C:\YHY\Project\BookRentalSystem\RentalHistory.h(12,31): error C2065: 'Rental': 선언되지 않은 식별자입니다.
  (소스 파일 'SearchCommand.cpp'을(를) 컴파일하는 중)
  
C:\YHY\Project\BookRentalSystem\RentalHistory.h(12,38): error C2059: 구문 오류: ','
  (소스 파일 'SearchCommand.cpp'을(를) 컴파일하는 중)
  
C:\YHY\Project\BookRentalSystem\RentalHistory.h(12,40): error C2065: 'Rental': 선언되지 않은 식별자입니다.
  (소스 파일 'SearchCommand.cpp'을(를) 컴파일하는 중)
  
C:\YHY\Project\BookRentalSystem\RentalHistory.h(12,47): error C2059: 구문 오류: ')'
  (소스 파일 'SearchCommand.cpp'을(를) 컴파일하는 중)
  
C:\YHY\Project\BookRentalSystem\RentalHistory.h(16,8): error C2143: 구문 오류: ';'이(가) '*' 앞에 없습니다.
  (소스 파일 'SearchCommand.cpp'을(를) 컴파일하는 중)
  
C:\YHY\Project\BookRentalSystem\RentalHistory.h(16,2): error C4430: 형식 지정자가 없습니다. int로 가정합니다. 참고: C++에서는 기본 int를 지원하지 않습니다.
  (소스 파일 'SearchCommand.cpp'을(를) 컴파일하는 중)
  
C:\YHY\Project\BookRentalSystem\RentalHistory.h(16,18): error C2238: ';' 앞에 예기치 않은 토큰이 있습니다.
  (소스 파일 'SearchCommand.cpp'을(를) 컴파일하는 중)
  
  UserManager.cpp
C:\YHY\Project\BookRentalSystem\Rental.h(12,25): error C2061: 구문 오류: 식별자 'Customer'
  (소스 파일 'UserManager.cpp'을(를) 컴파일하는 중)
  
C:\YHY\Project\BookRentalSystem\Rental.h(20,10): error C2143: 구문 오류: ';'이(가) '*' 앞에 없습니다.
  (소스 파일 'UserManager.cpp'을(를) 컴파일하는 중)
  
C:\YHY\Project\BookRentalSystem\Rental.h(20,2): error C4430: 형식 지정자가 없습니다. int로 가정합니다. 참고: C++에서는 기본 int를 지원하지 않습니다.
  (소스 파일 'UserManager.cpp'을(를) 컴파일하는 중)
  
C:\YHY\Project\BookRentalSystem\Rental.h(20,30): error C2238: ';' 앞에 예기치 않은 토큰이 있습니다.
  (소스 파일 'UserManager.cpp'을(를) 컴파일하는 중)
  
C:\YHY\Project\BookRentalSystem\Rental.h(27,10): error C2143: 구문 오류: ';'이(가) '*' 앞에 없습니다.
  (소스 파일 'UserManager.cpp'을(를) 컴파일하는 중)
  
C:\YHY\Project\BookRentalSystem\Rental.h(27,2): error C4430: 형식 지정자가 없습니다. int로 가정합니다. 참고: C++에서는 기본 int를 지원하지 않습니다.
  (소스 파일 'UserManager.cpp'을(를) 컴파일하는 중)
  
C:\YHY\Project\BookRentalSystem\Rental.h(27,20): error C2238: ';' 앞에 예기치 않은 토큰이 있습니다.
  (소스 파일 'UserManager.cpp'을(를) 컴파일하는 중)
  
  코드를 생성하고 있습니다...
